<?xml version="1.0" encoding="UTF-8"?>
<!-- Generated by org.testng.reporters.JUnitXMLReporter -->
<testsuite ignored="1" hostname="MSGN21027" failures="0" tests="7" name="Car loan" time="0.055" errors="0" timestamp="2025-06-17T12:07:17 MESZ">
  <testcase classname="msg.group.basics.Day3" name="logoutAPICarLoan" time="0.004"/>
  <testcase classname="msg.group.basics.Day3" name="mobileLoginCarLoan" time="0.001"/>
  <testcase classname="msg.group.basics.Day3" name="mobileSignOutCarLoan" time="0.001"/>
  <testcase classname="msg.group.basics.Day3" name="mobileSignOutCarLoan" time="0.001"/>
  <testcase classname="msg.group.basics.Day3" name="mobileSignOutCarLoan" time="0.0"/>
  <testcase classname="msg.group.basics.Day3" name="webLoginCarLoan" time="0.0"/>
  <testcase classname="msg.group.basics.Day3" name="loginAPICarLoan" time="0.001"/>
  <testcase classname="msg.group.basics.Day3" name="mobileSignInCarLoan" time="0.0">
    <ignored/>
  </testcase> <!-- mobileSignInCarLoan -->
</testsuite> <!-- Car loan -->
