<?xml version="1.0" encoding="UTF-8"?>
<!-- Generated by org.testng.reporters.JUnitXMLReporter -->
<testsuite ignored="0" hostname="MSGN21027" failures="0" tests="3" name="Home loan" time="0.006" errors="0" timestamp="2025-04-22T10:29:40 MESZ">
  <testcase classname="msg.group.basics.Day4" name="loginAPIHomeLoan" time="0.0"/>
  <testcase classname="msg.group.basics.Day4" name="mobilLoginHomeLoan" time="0.001"/>
  <testcase classname="msg.group.basics.Day4" name="webLoginHomeLoan" time="0.0"/>
</testsuite> <!-- Home loan -->
