<?xml version="1.0" encoding="UTF-8"?>
<!-- Generated by org.testng.reporters.JUnitXMLReporter -->
<testsuite ignored="1" hostname="MSGN21027" failures="1" tests="5" name="Personal loan" time="0.049" errors="0" timestamp="2025-06-17T12:07:17 MESZ">
  <testcase classname="msg.group.basics.Day1" name="firstDemo" time="0.012">
    <failure type="java.lang.AssertionError" message="expected [true] but found [false]">
      <![CDATA[java.lang.AssertionError: expected [true] but found [false]
at msg.group.basics.Day1.firstDemo(Day1.java:27)
at java.base/java.util.ArrayList.forEach(ArrayList.java:1511)
at java.base/java.util.concurrent.FutureTask.run(FutureTask.java:264)
at java.base/java.util.concurrent.ThreadPoolExecutor.runWorker(ThreadPoolExecutor.java:1136)
at java.base/java.util.concurrent.ThreadPoolExecutor$Worker.run(ThreadPoolExecutor.java:635)
at java.base/java.lang.Thread.run(Thread.java:840)
... Removed 21 stack frames]]>
    </failure>
  </testcase> <!-- firstDemo -->
  <testcase classname="msg.group.basics.Day1" name="secondTest" time="0.001"/>
  <testcase classname="msg.group.basics.Day2" name="pLoan" time="0.001"/>
  <testcase classname="msg.group.basics.Day4" name="loginAPIHomeLoan" time="0.001"/>
  <testcase classname="msg.group.basics.Day4" name="mobileLoginHomeLoan" time="0.0"/>
  <testcase classname="msg.group.basics.Day4" name="webLoginHomeLoan" time="0.0">
    <ignored/>
  </testcase> <!-- webLoginHomeLoan -->
</testsuite> <!-- Personal loan -->
