<?xml version="1.0" encoding="UTF-8"?>
<!-- Generated by org.testng.reporters.JUnitXMLReporter -->
<testsuite ignored="8" hostname="MSGN21027" failures="0" tests="3" name="Regression" time="0.049" errors="0" timestamp="2025-04-23T09:01:07 MESZ">
  <testcase classname="msg.group.basics.Day2" name="pLoan" time="0.006"/>
  <testcase classname="msg.group.basics.Day3" name="mobileLoginCarLoan" time="0.001"/>
  <testcase classname="msg.group.basics.Day4" name="webLoginHomeLoan" time="0.0"/>
  <testcase classname="msg.group.basics.Day1" name="secondTest" time="0.0">
    <ignored/>
  </testcase> <!-- secondTest -->
  <testcase classname="msg.group.basics.Day3" name="mobileSignOutCarLoan" time="0.0">
    <ignored/>
  </testcase> <!-- mobileSignOutCarLoan -->
  <testcase classname="msg.group.basics.Day3" name="mobileSignInCarLoan" time="0.0">
    <ignored/>
  </testcase> <!-- mobileSignInCarLoan -->
  <testcase classname="msg.group.basics.Day1" name="firstDemo" time="0.0">
    <ignored/>
  </testcase> <!-- firstDemo -->
  <testcase classname="msg.group.basics.Day3" name="webLoginCarLoan" time="0.0">
    <ignored/>
  </testcase> <!-- webLoginCarLoan -->
  <testcase classname="msg.group.basics.Day3" name="loginAPICarLoan" time="0.0">
    <ignored/>
  </testcase> <!-- loginAPICarLoan -->
  <testcase classname="msg.group.basics.Day4" name="mobileLoginHomeLoan" time="0.0">
    <ignored/>
  </testcase> <!-- mobileLoginHomeLoan -->
  <testcase classname="msg.group.basics.Day4" name="loginAPIHomeLoan" time="0.0">
    <ignored/>
  </testcase> <!-- loginAPIHomeLoan -->
</testsuite> <!-- Regression -->
