<?xml version="1.0" encoding="UTF-8"?>
<testng-results ignored="0" total="1" passed="1" failed="0" skipped="0">
  <reporter-output>
  </reporter-output>
  <suite started-at="2025-04-15T10:58:09 MESZ" name="Default suite" finished-at="2025-04-15T10:58:09 MESZ" duration-ms="34">
    <groups>
    </groups>
    <test started-at="2025-04-15T10:58:09 MESZ" name="Default test" finished-at="2025-04-15T10:58:09 MESZ" duration-ms="34">
      <class name="msg.group.java_streams.StreamsAndLambdaExpression1">
        <test-method signature="streamCollect()[pri:0, instance:msg.group.java_streams.StreamsAndLambdaExpression1@e350b40]" started-at="2025-04-15T10:58:09 MESZ" name="streamCollect" finished-at="2025-04-15T10:58:09 MESZ" duration-ms="8" status="PASS">
          <reporter-output>
          </reporter-output>
        </test-method> <!-- streamCollect -->
      </class> <!-- msg.group.java_streams.StreamsAndLambdaExpression1 -->
    </test> <!-- Default test -->
  </suite> <!-- Default suite -->
</testng-results>
