<?xml version="1.0" encoding="UTF-8"?>
<testng-results ignored="0" total="5" passed="5" failed="0" skipped="0">
  <reporter-output>
  </reporter-output>
  <suite started-at="2025-06-17T12:06:50 MESZ" name="Default suite" finished-at="2025-06-17T12:06:50 MESZ" duration-ms="51">
    <groups>
    </groups>
    <test started-at="2025-06-17T12:06:50 MESZ" name="Default test" finished-at="2025-06-17T12:06:50 MESZ" duration-ms="51">
      <class name="msg.group.java_streams.StreamsAndLambdaExpression">
        <test-method signature="mapTwoStreamList()[pri:0, instance:msg.group.java_streams.StreamsAndLambdaExpression@2794eab6]" started-at="2025-06-17T12:06:50 MESZ" name="mapTwoStreamList" finished-at="2025-06-17T12:06:50 MESZ" duration-ms="8" status="PASS">
          <reporter-output>
          </reporter-output>
        </test-method> <!-- mapTwoStreamList -->
        <test-method signature="regular()[pri:0, instance:msg.group.java_streams.StreamsAndLambdaExpression@2794eab6]" started-at="2025-06-17T12:06:50 MESZ" name="regular" finished-at="2025-06-17T12:06:50 MESZ" duration-ms="1" status="PASS">
          <reporter-output>
          </reporter-output>
        </test-method> <!-- regular -->
        <test-method signature="streamCollect()[pri:0, instance:msg.group.java_streams.StreamsAndLambdaExpression@2794eab6]" started-at="2025-06-17T12:06:50 MESZ" name="streamCollect" finished-at="2025-06-17T12:06:50 MESZ" duration-ms="3" status="PASS">
          <reporter-output>
          </reporter-output>
        </test-method> <!-- streamCollect -->
        <test-method signature="streamFilter()[pri:0, instance:msg.group.java_streams.StreamsAndLambdaExpression@2794eab6]" started-at="2025-06-17T12:06:50 MESZ" name="streamFilter" finished-at="2025-06-17T12:06:50 MESZ" duration-ms="3" status="PASS">
          <reporter-output>
          </reporter-output>
        </test-method> <!-- streamFilter -->
        <test-method signature="streamMap()[pri:0, instance:msg.group.java_streams.StreamsAndLambdaExpression@2794eab6]" started-at="2025-06-17T12:06:50 MESZ" name="streamMap" finished-at="2025-06-17T12:06:50 MESZ" duration-ms="3" status="PASS">
          <reporter-output>
          </reporter-output>
        </test-method> <!-- streamMap -->
      </class> <!-- msg.group.java_streams.StreamsAndLambdaExpression -->
    </test> <!-- Default test -->
  </suite> <!-- Default suite -->
</testng-results>
