<?xml version="1.0" encoding="UTF-8"?>
<!-- Generated by org.testng.reporters.JUnitXMLReporter -->
<testsuite ignored="0" hostname="MSGN21027" failures="0" tests="5" name="Default test" time="0.051" errors="0" timestamp="2025-06-17T12:06:50 MESZ">
  <testcase classname="msg.group.java_streams.StreamsAndLambdaExpression" name="mapTwoStreamList" time="0.008"/>
  <testcase classname="msg.group.java_streams.StreamsAndLambdaExpression" name="regular" time="0.001"/>
  <testcase classname="msg.group.java_streams.StreamsAndLambdaExpression" name="streamCollect" time="0.003"/>
  <testcase classname="msg.group.java_streams.StreamsAndLambdaExpression" name="streamFilter" time="0.003"/>
  <testcase classname="msg.group.java_streams.StreamsAndLambdaExpression" name="streamMap" time="0.003"/>
</testsuite> <!-- Default test -->
