<?xml version="1.0" encoding="UTF-8"?>
<testng-results ignored="3" total="5" passed="2" failed="0" skipped="0">
  <reporter-output>
  </reporter-output>
  <suite started-at="2025-06-12T17:24:20 MESZ" name="Suite" finished-at="2025-06-12T17:24:35 MESZ" duration-ms="15871">
    <groups>
      <group name="Purchase">
        <method signature="SubmitOrderTest.submitOrder(java.util.HashMap)[pri:0, instance:msg.group.tests.SubmitOrderTest@79e4c792]" name="submitOrder" class="msg.group.tests.SubmitOrderTest"/>
      </group> <!-- Purchase -->
    </groups>
    <test started-at="2025-06-12T17:24:20 MESZ" name="Error Validations Test" finished-at="2025-06-12T17:24:20 MESZ" duration-ms="10">
    </test> <!-- Error Validations Test -->
    <test started-at="2025-06-12T17:24:20 MESZ" name="Submit Order Test" finished-at="2025-06-12T17:24:35 MESZ" duration-ms="15871">
      <class name="msg.group.tests.SubmitOrderTest">
        <test-method is-config="true" signature="launchApplication()[pri:0, instance:msg.group.tests.SubmitOrderTest@79e4c792]" started-at="2025-06-12T17:24:20 MESZ" name="launchApplication" finished-at="2025-06-12T17:24:26 MESZ" duration-ms="5765" status="PASS">
          <reporter-output>
          </reporter-output>
        </test-method> <!-- launchApplication -->
        <test-method signature="submitOrder(java.util.HashMap)[pri:0, instance:msg.group.tests.SubmitOrderTest@79e4c792]" started-at="2025-06-12T17:24:26 MESZ" name="submitOrder" data-provider="getData" finished-at="2025-06-12T17:24:29 MESZ" duration-ms="3312" status="PASS">
          <params>
            <param index="0">
              <value>
                <![CDATA[{password=Paul3005, product=ZARA COAT 3, email=ewaldostehr@gmail.com}]]>
              </value>
            </param>
          </params>
          <reporter-output>
          </reporter-output>
        </test-method> <!-- submitOrder -->
        <test-method is-config="true" signature="tearDown()[pri:0, instance:msg.group.tests.SubmitOrderTest@79e4c792]" started-at="2025-06-12T17:24:29 MESZ" name="tearDown" finished-at="2025-06-12T17:24:29 MESZ" duration-ms="159" status="PASS">
          <reporter-output>
          </reporter-output>
        </test-method> <!-- tearDown -->
        <test-method is-config="true" signature="launchApplication()[pri:0, instance:msg.group.tests.SubmitOrderTest@79e4c792]" started-at="2025-06-12T17:24:29 MESZ" name="launchApplication" finished-at="2025-06-12T17:24:32 MESZ" duration-ms="3129" status="PASS">
          <reporter-output>
          </reporter-output>
        </test-method> <!-- launchApplication -->
        <test-method signature="submitOrder(java.util.HashMap)[pri:0, instance:msg.group.tests.SubmitOrderTest@79e4c792]" started-at="2025-06-12T17:24:32 MESZ" name="submitOrder" data-provider="getData" finished-at="2025-06-12T17:24:35 MESZ" duration-ms="3146" status="PASS">
          <params>
            <param index="0">
              <value>
                <![CDATA[{password=Paul3005, product=ADIDAS ORIGINAL, email=ewaldostehr@gmail.com}]]>
              </value>
            </param>
          </params>
          <reporter-output>
          </reporter-output>
        </test-method> <!-- submitOrder -->
        <test-method is-config="true" signature="tearDown()[pri:0, instance:msg.group.tests.SubmitOrderTest@79e4c792]" started-at="2025-06-12T17:24:35 MESZ" name="tearDown" finished-at="2025-06-12T17:24:35 MESZ" duration-ms="148" status="PASS">
          <reporter-output>
          </reporter-output>
        </test-method> <!-- tearDown -->
      </class> <!-- msg.group.tests.SubmitOrderTest -->
    </test> <!-- Submit Order Test -->
  </suite> <!-- Suite -->
</testng-results>
