<?xml version="1.0" encoding="UTF-8"?>
<!-- Generated by org.testng.reporters.JUnitXMLReporter -->
<testsuite ignored="0" hostname="MSGN21027" failures="0" tests="2" name="Error Validations Test" time="10.002" errors="0" timestamp="2025-05-05T10:41:41 MESZ">
  <testcase classname="msg.group.tests.ErrorValidationsTest" name="loginErrorValidation" time="0.945"/>
  <testcase classname="msg.group.tests.ErrorValidationsTest" name="productErrorValidation" time="2.343"/>
</testsuite> <!-- Error Validations Test -->
