<?xml version="1.0" encoding="UTF-8"?>
<!-- Generated by org.testng.reporters.JUnitXMLReporter -->
<testsuite ignored="0" hostname="MSGN21027" failures="0" tests="2" name="Error Validations Test" time="14.406" errors="0" timestamp="2025-05-07T13:50:46 MESZ">
  <testcase classname="msg.group.tests.ErrorValidationsTest" name="loginErrorValidation" time="0.86"/>
  <testcase classname="msg.group.tests.ErrorValidationsTest" name="productErrorValidation" time="3.527"/>
</testsuite> <!-- Error Validations Test -->
