<?xml version="1.0" encoding="UTF-8"?>
<!-- Generated by org.testng.reporters.JUnitXMLReporter -->
<testsuite ignored="0" hostname="MSGN21027" failures="0" tests="3" name="Submit Order Test" time="18.493" errors="0" timestamp="2025-05-05T10:41:31 MESZ">
  <testcase classname="msg.group.tests.SubmitOrderTest" name="submitOrder" time="3.419"/>
  <testcase classname="msg.group.tests.SubmitOrderTest" name="submitOrder" time="3.191"/>
  <testcase classname="msg.group.tests.SubmitOrderTest" name="OrderHistoryTest" time="0.743"/>
</testsuite> <!-- Submit Order Test -->
