<?xml version="1.0" encoding="UTF-8"?>
<!-- Generated by org.testng.reporters.JUnitXMLReporter -->
<testsuite ignored="1" hostname="MSGN21027" failures="0" tests="2" name="Submit Order Test" time="15.871" errors="0" timestamp="2025-06-12T17:24:35 MESZ">
  <testcase classname="msg.group.tests.SubmitOrderTest" name="submitOrder" time="3.312"/>
  <testcase classname="msg.group.tests.SubmitOrderTest" name="submitOrder" time="3.146"/>
  <testcase classname="msg.group.tests.SubmitOrderTest" name="OrderHistoryTest" time="0.0">
    <ignored/>
  </testcase> <!-- OrderHistoryTest -->
</testsuite> <!-- Submit Order Test -->
