<?xml version="1.0" encoding="UTF-8"?>
<!-- Generated by org.testng.reporters.JUnitXMLReporter -->
<testsuite ignored="1" hostname="MSGN21027" failures="0" tests="1" name="Error Validations Test" time="4.762" errors="0" timestamp="2025-06-12T11:29:59 MESZ">
  <testcase classname="msg.group.tests.ErrorValidationsTest" name="loginErrorValidation" time="0.569"/>
  <testcase classname="msg.group.tests.ErrorValidationsTest" name="productErrorValidation" time="0.0">
    <ignored/>
  </testcase> <!-- productErrorValidation -->
</testsuite> <!-- Error Validations Test -->
