<?xml version="1.0" encoding="UTF-8"?>
<!-- Generated by org.testng.reporters.JUnitXMLReporter -->
<testsuite ignored="0" hostname="MSGN21027" failures="0" tests="4" name="Test" time="0.035" errors="0" timestamp="2025-06-16T15:09:46 MESZ">
  <testcase classname="msg.group.SeleniumTest" name="browserAutomation" time="0.004"/>
  <testcase classname="msg.group.SeleniumTest" name="elements" time="0.001"/>
  <testcase classname="msg.group.RESTAPITest" name="deleteTwitter" time="0.0"/>
  <testcase classname="msg.group.RESTAPITest" name="postJira" time="0.001"/>
</testsuite> <!-- Test -->
