<?xml version="1.0" encoding="UTF-8"?>
<testsuite xmlns:xsi="http://www.w3.org/2001/XMLSchema-instance" xsi:noNamespaceSchemaLocation="https://maven.apache.org/surefire/maven-surefire-plugin/xsd/surefire-test-report.xsd" version="3.0.1" name="cucumber.TestNGTestRunner" time="13.462" tests="2" errors="0" skipped="0" failures="0">
  <properties>
[...]
</properties>
  <testcase name="runScenario[&quot;Login with incorrect password&quot;, &quot;Error Validation&quot;](1)" classname="cucumber.TestNGTestRunner" time="5.205">
    <system-err><![CDATA[SLF4J(W): No SLF4J providers were found.
SLF4J(W): Defaulting to no-operation (NOP) logger implementation
SLF4J(W): See https://www.slf4j.org/codes.html#noProviders for further details.
Mai 06, 2025 1:41:59 PM org.openqa.selenium.devtools.CdpVersionFinder findNearestMatch
WARNUNG: Unable to find an exact match for CDP version 136, returning the closest version; found: 135; Please update to a Selenium version that supports CDP version 136
]]></system-err>
  </testcase>
  <testcase name="runScenario[&quot;Positive Test of Submitting the order&quot;, &quot;Purchase the order from Ecommerce Website&quot;](2)" classname="cucumber.TestNGTestRunner" time="7.521">
    <system-err><![CDATA[Mai 06, 2025 1:42:04 PM org.openqa.selenium.devtools.CdpVersionFinder findNearestMatch
WARNUNG: Unable to find an exact match for CDP version 136, returning the closest version; found: 135; Please update to a Selenium version that supports CDP version 136
]]></system-err>
  </testcase>
</testsuite>