<?xml version="1.0" encoding="UTF-8"?>
<!-- Generated by org.testng.reporters.JUnitXMLReporter -->
<testsuite ignored="0" hostname="MSGN21027" failures="0" tests="3" name="Default test" time="0.45" errors="0" timestamp="2025-05-12T15:08:01 MESZ">
  <testcase classname="dataDriven.excelDataProvider.DataProvide" name="testCaseData" time="0.006"/>
  <testcase classname="dataDriven.excelDataProvider.DataProvide" name="testCaseData" time="0.0"/>
  <testcase classname="dataDriven.excelDataProvider.DataProvide" name="testCaseData" time="0.001"/>
</testsuite> <!-- Default test -->
