<?xml version="1.0" encoding="UTF-8"?>
<testng-results ignored="0" total="3" passed="3" failed="0" skipped="0">
  <reporter-output>
  </reporter-output>
  <suite started-at="2025-05-12T15:08:01 MESZ" name="Default suite" finished-at="2025-05-12T15:08:01 MESZ" duration-ms="450">
    <groups>
    </groups>
    <test started-at="2025-05-12T15:08:01 MESZ" name="Default test" finished-at="2025-05-12T15:08:01 MESZ" duration-ms="450">
      <class name="dataDriven.excelDataProvider.DataProvide">
        <test-method signature="testCaseData(java.lang.String,java.lang.String,java.lang.String)[pri:0, instance:dataDriven.excelDataProvider.DataProvide@68746f22]" started-at="2025-05-12T15:08:01 MESZ" name="testCaseData" data-provider="driveTest" finished-at="2025-05-12T15:08:01 MESZ" duration-ms="6" status="PASS">
          <params>
            <param index="0">
              <value>
                <![CDATA[hello]]>
              </value>
            </param>
            <param index="1">
              <value>
                <![CDATA[text]]>
              </value>
            </param>
            <param index="2">
              <value>
                <![CDATA[1]]>
              </value>
            </param>
          </params>
          <reporter-output>
          </reporter-output>
        </test-method> <!-- testCaseData -->
        <test-method signature="testCaseData(java.lang.String,java.lang.String,java.lang.String)[pri:0, instance:dataDriven.excelDataProvider.DataProvide@68746f22]" started-at="2025-05-12T15:08:01 MESZ" name="testCaseData" data-provider="driveTest" finished-at="2025-05-12T15:08:01 MESZ" duration-ms="0" status="PASS">
          <params>
            <param index="0">
              <value>
                <![CDATA[bye]]>
              </value>
            </param>
            <param index="1">
              <value>
                <![CDATA[message]]>
              </value>
            </param>
            <param index="2">
              <value>
                <![CDATA[143]]>
              </value>
            </param>
          </params>
          <reporter-output>
          </reporter-output>
        </test-method> <!-- testCaseData -->
        <test-method signature="testCaseData(java.lang.String,java.lang.String,java.lang.String)[pri:0, instance:dataDriven.excelDataProvider.DataProvide@68746f22]" started-at="2025-05-12T15:08:01 MESZ" name="testCaseData" data-provider="driveTest" finished-at="2025-05-12T15:08:01 MESZ" duration-ms="1" status="PASS">
          <params>
            <param index="0">
              <value>
                <![CDATA[solo]]>
              </value>
            </param>
            <param index="1">
              <value>
                <![CDATA[call]]>
              </value>
            </param>
            <param index="2">
              <value>
                <![CDATA[453]]>
              </value>
            </param>
          </params>
          <reporter-output>
          </reporter-output>
        </test-method> <!-- testCaseData -->
      </class> <!-- dataDriven.excelDataProvider.DataProvide -->
    </test> <!-- Default test -->
  </suite> <!-- Default suite -->
</testng-results>
