<?xml version="1.0" encoding="UTF-8"?>
<testng-results ignored="0" total="4" passed="4" failed="0" skipped="0">
  <reporter-output>
  </reporter-output>
  <suite started-at="2025-06-17T11:53:57 MESZ" name="Suite" finished-at="2025-06-17T11:53:57 MESZ" duration-ms="40">
    <groups>
    </groups>
    <test started-at="2025-06-17T11:53:57 MESZ" name="Test" finished-at="2025-06-17T11:53:57 MESZ" duration-ms="40">
      <class name="msg.group.SeleniumTest">
        <test-method signature="browserAutomation()[pri:0, instance:msg.group.SeleniumTest@63376bed]" started-at="2025-06-17T11:53:57 MESZ" name="browserAutomation" finished-at="2025-06-17T11:53:57 MESZ" duration-ms="6" status="PASS">
          <reporter-output>
          </reporter-output>
        </test-method> <!-- browserAutomation -->
        <test-method signature="elements()[pri:0, instance:msg.group.SeleniumTest@63376bed]" started-at="2025-06-17T11:53:57 MESZ" name="elements" finished-at="2025-06-17T11:53:57 MESZ" duration-ms="1" status="PASS">
          <reporter-output>
          </reporter-output>
        </test-method> <!-- elements -->
      </class> <!-- msg.group.SeleniumTest -->
      <class name="msg.group.RESTAPITest">
        <test-method signature="deleteTwitter()[pri:0, instance:msg.group.RESTAPITest@7526515b]" started-at="2025-06-17T11:53:57 MESZ" name="deleteTwitter" finished-at="2025-06-17T11:53:57 MESZ" duration-ms="2" status="PASS">
          <reporter-output>
          </reporter-output>
        </test-method> <!-- deleteTwitter -->
        <test-method signature="postJira()[pri:0, instance:msg.group.RESTAPITest@7526515b]" started-at="2025-06-17T11:53:57 MESZ" name="postJira" finished-at="2025-06-17T11:53:57 MESZ" duration-ms="0" status="PASS">
          <reporter-output>
          </reporter-output>
        </test-method> <!-- postJira -->
      </class> <!-- msg.group.RESTAPITest -->
    </test> <!-- Test -->
  </suite> <!-- Suite -->
</testng-results>
