<?xml version="1.0" encoding="UTF-8"?>
<!-- Generated by org.testng.reporters.JUnitXMLReporter -->
<testsuite ignored="0" hostname="MSGN21027" failures="0" tests="6" name="Test" time="0.043" errors="0" timestamp="2025-06-16T14:42:59 MESZ">
  <testcase classname="msg.group.AppiumTest" name="IOSApps" time="0.006"/>
  <testcase classname="msg.group.AppiumTest" name="nativeAppAndroid" time="0.001"/>
  <testcase classname="msg.group.SeleniumTest" name="browserAutomation" time="0.0"/>
  <testcase classname="msg.group.SeleniumTest" name="elements" time="0.001"/>
  <testcase classname="msg.group.RESTAPITest" name="deleteTwitter" time="0.0"/>
  <testcase classname="msg.group.RESTAPITest" name="postJira" time="0.001"/>
</testsuite> <!-- Test -->
