<?xml version="1.0" encoding="UTF-8"?>
<!-- Generated by org.testng.reporters.JUnitXMLReporter -->
<testsuite ignored="0" hostname="MSGN21027" failures="0" tests="3" name="Personal loan" time="0.035" errors="0" timestamp="2025-04-22T09:56:16 MESZ">
  <testcase classname="msg.group.basics.Day1" name="firstDemo" time="0.006"/>
  <testcase classname="msg.group.basics.Day1" name="secondTest" time="0.001"/>
  <testcase classname="msg.group.basics.Day2" name="pLoan" time="0.001"/>
</testsuite> <!-- Personal loan -->
