<?xml version="1.0" encoding="UTF-8"?>
<testng-results ignored="3" total="4" passed="1" failed="0" skipped="0">
  <reporter-output>
  </reporter-output>
  <suite started-at="2025-06-12T11:29:54 MESZ" name="Suite" finished-at="2025-06-12T11:29:59 MESZ" duration-ms="4762">
    <groups>
      <group name="ErrorHandling">
        <method signature="ErrorValidationsTest.loginErrorValidation()[pri:0, instance:msg.group.tests.ErrorValidationsTest@740fb309]" name="loginErrorValidation" class="msg.group.tests.ErrorValidationsTest"/>
      </group> <!-- ErrorHandling -->
    </groups>
    <test started-at="2025-06-12T11:29:54 MESZ" name="Submit Order Test" finished-at="2025-06-12T11:29:54 MESZ" duration-ms="11">
    </test> <!-- Submit Order Test -->
    <test started-at="2025-06-12T11:29:54 MESZ" name="Error Validations Test" finished-at="2025-06-12T11:29:59 MESZ" duration-ms="4762">
      <class name="msg.group.tests.ErrorValidationsTest">
        <test-method is-config="true" signature="launchApplication()[pri:0, instance:msg.group.tests.ErrorValidationsTest@740fb309]" started-at="2025-06-12T11:29:54 MESZ" name="launchApplication" finished-at="2025-06-12T11:29:58 MESZ" duration-ms="4014" status="PASS">
          <reporter-output>
          </reporter-output>
        </test-method> <!-- launchApplication -->
        <test-method signature="loginErrorValidation()[pri:0, instance:msg.group.tests.ErrorValidationsTest@740fb309]" started-at="2025-06-12T11:29:58 MESZ" name="loginErrorValidation" finished-at="2025-06-12T11:29:59 MESZ" duration-ms="569" status="PASS">
          <reporter-output>
          </reporter-output>
        </test-method> <!-- loginErrorValidation -->
        <test-method is-config="true" signature="tearDown()[pri:0, instance:msg.group.tests.ErrorValidationsTest@740fb309]" started-at="2025-06-12T11:29:59 MESZ" name="tearDown" finished-at="2025-06-12T11:29:59 MESZ" duration-ms="133" status="PASS">
          <reporter-output>
          </reporter-output>
        </test-method> <!-- tearDown -->
      </class> <!-- msg.group.tests.ErrorValidationsTest -->
    </test> <!-- Error Validations Test -->
  </suite> <!-- Suite -->
</testng-results>
